Release 14.7 - xst P.20131013 (nt64)
Copyright (c) 1995-2013 Xilinx, Inc.  All rights reserved.
--> Parameter TMPDIR set to xst/projnav.tmp


Total REAL time to Xst completion: 0.00 secs
Total CPU time to Xst completion: 0.08 secs
 
--> Parameter xsthdpdir set to xst


Total REAL time to Xst completion: 0.00 secs
Total CPU time to Xst completion: 0.08 secs
 
--> Reading design: lab8.prj

TABLE OF CONTENTS
  1) Synthesis Options Summary
  2) HDL Parsing
  3) HDL Elaboration
  4) HDL Synthesis
       4.1) HDL Synthesis Report
  5) Advanced HDL Synthesis
       5.1) Advanced HDL Synthesis Report
  6) Low Level Synthesis
  7) Partition Report
  8) Design Summary
       8.1) Primitive and Black Box Usage
       8.2) Device utilization summary
       8.3) Partition Resource Summary
       8.4) Timing Report
            8.4.1) Clock Information
            8.4.2) Asynchronous Control Signals Information
            8.4.3) Timing Summary
            8.4.4) Timing Details
            8.4.5) Cross Clock Domains Report


=========================================================================
*                      Synthesis Options Summary                        *
=========================================================================
---- Source Parameters
Input File Name                    : "lab8.prj"
Ignore Synthesis Constraint File   : NO

---- Target Parameters
Output File Name                   : "lab8"
Output Format                      : NGC
Target Device                      : xc6slx9-3-tqg144

---- Source Options
Top Module Name                    : lab8
Automatic FSM Extraction           : YES
FSM Encoding Algorithm             : Auto
Safe Implementation                : No
FSM Style                          : LUT
RAM Extraction                     : Yes
RAM Style                          : Auto
ROM Extraction                     : Yes
Shift Register Extraction          : YES
ROM Style                          : Auto
Resource Sharing                   : YES
Asynchronous To Synchronous        : NO
Shift Register Minimum Size        : 2
Use DSP Block                      : Auto
Automatic Register Balancing       : No

---- Target Options
LUT Combining                      : Auto
Reduce Control Sets                : Auto
Add IO Buffers                     : YES
Global Maximum Fanout              : 100000
Add Generic Clock Buffer(BUFG)     : 16
Register Duplication               : YES
Optimize Instantiated Primitives   : NO
Use Clock Enable                   : Auto
Use Synchronous Set                : Auto
Use Synchronous Reset              : Auto
Pack IO Registers into IOBs        : Auto
Equivalent register Removal        : YES

---- General Options
Optimization Goal                  : Speed
Optimization Effort                : 1
Power Reduction                    : NO
Keep Hierarchy                     : No
Netlist Hierarchy                  : As_Optimized
RTL Output                         : Yes
Global Optimization                : AllClockNets
Read Cores                         : YES
Write Timing Constraints           : NO
Cross Clock Analysis               : NO
Hierarchy Separator                : /
Bus Delimiter                      : <>
Case Specifier                     : Maintain
Slice Utilization Ratio            : 100
BRAM Utilization Ratio             : 100
DSP48 Utilization Ratio            : 100
Auto BRAM Packing                  : NO
Slice Utilization Ratio Delta      : 5

=========================================================================


=========================================================================
*                          HDL Parsing                                  *
=========================================================================
Analyzing Verilog file "C:\digitalWorkspace\lab8\to1000Hz.vf" into library work
Parsing module <CD4CE_HXILINX_to1000Hz>.
Parsing module <FJKC_HXILINX_to1000Hz>.
Parsing module <to1000Hz>.
Analyzing Verilog file "C:\digitalWorkspace\lab8\myMultiplexer.vf" into library work
Parsing module <M2_1E_HXILINX_myMultiplexer>.
Parsing module <myMultiplexer>.
Analyzing Verilog file "C:\digitalWorkspace\lab8\bcdToHexDecoder.vf" into library work
Parsing module <OR6_HXILINX_bcdToHexDecoder>.
Parsing module <OR8_HXILINX_bcdToHexDecoder>.
Parsing module <bcdToHexDecoder>.
Analyzing Verilog file "C:\digitalWorkspace\lab8\lab8.vf" into library work
Parsing module <M2_1E_HXILINX_lab8>.
Parsing module <ADD8_HXILINX_lab8>.
Parsing module <COMP8_HXILINX_lab8>.
Parsing module <OR6_HXILINX_lab8>.
Parsing module <OR8_HXILINX_lab8>.
Parsing module <CD4CE_HXILINX_lab8>.
Parsing module <FJKC_HXILINX_lab8>.
Parsing module <bcdToHexDecoder_MUSER_lab8>.
Parsing module <myMultiplexer_MUSER_lab8>.
Parsing module <to1000Hz_MUSER_lab8>.
Parsing module <lab8>.

=========================================================================
*                            HDL Elaboration                            *
=========================================================================

Elaborating module <lab8>.

Elaborating module <ADD8_HXILINX_lab8>.

Elaborating module <to1000Hz_MUSER_lab8>.

Elaborating module <CD4CE_HXILINX_lab8>.
WARNING:HDLCompiler:413 - "C:\digitalWorkspace\lab8\lab8.vf" Line 154: Result of 5-bit expression is truncated to fit in 4-bit target.

Elaborating module <INV>.

Elaborating module <FJKC_HXILINX_lab8>.

Elaborating module <VCC>.
WARNING:HDLCompiler:552 - "C:\digitalWorkspace\lab8\lab8.vf" Line 458: Input port CLR is not connected on this instance
WARNING:HDLCompiler:552 - "C:\digitalWorkspace\lab8\lab8.vf" Line 470: Input port CLR is not connected on this instance
WARNING:HDLCompiler:552 - "C:\digitalWorkspace\lab8\lab8.vf" Line 482: Input port CLR is not connected on this instance
WARNING:HDLCompiler:552 - "C:\digitalWorkspace\lab8\lab8.vf" Line 494: Input port CLR is not connected on this instance
WARNING:HDLCompiler:552 - "C:\digitalWorkspace\lab8\lab8.vf" Line 506: Input port CLR is not connected on this instance

Elaborating module <myMultiplexer_MUSER_lab8>.

Elaborating module <M2_1E_HXILINX_lab8>.

Elaborating module <BUF>.

Elaborating module <bcdToHexDecoder_MUSER_lab8>.

Elaborating module <AND2>.

Elaborating module <AND3>.

Elaborating module <OR6_HXILINX_lab8>.

Elaborating module <OR5>.

Elaborating module <OR4>.

Elaborating module <OR8_HXILINX_lab8>.

Elaborating module <AND4>.
WARNING:HDLCompiler:552 - "C:\digitalWorkspace\lab8\lab8.vf" Line 374: Input port I0 is not connected on this instance

Elaborating module <COMP8_HXILINX_lab8>.
WARNING:HDLCompiler:552 - "C:\digitalWorkspace\lab8\lab8.vf" Line 534: Input port CI is not connected on this instance
WARNING:HDLCompiler:552 - "C:\digitalWorkspace\lab8\lab8.vf" Line 549: Input port B[7] is not connected on this instance

=========================================================================
*                           HDL Synthesis                               *
=========================================================================

Synthesizing Unit <lab8>.
    Related source file is "C:\digitalWorkspace\lab8\lab8.vf".
    Set property "HU_SET = XLXI_3_28" for instance <XLXI_3>.
    Set property "HU_SET = XLXI_9_29" for instance <XLXI_9>.
WARNING:Xst:2898 - Port 'CI', unconnected in block instance 'XLXI_3', is tied to GND.
WARNING:Xst:2898 - Port 'B', unconnected in block instance 'XLXI_9', is tied to GND.
INFO:Xst:3210 - "C:\digitalWorkspace\lab8\lab8.vf" line 534: Output port <CO> of the instance <XLXI_3> is unconnected or connected to loadless signal.
INFO:Xst:3210 - "C:\digitalWorkspace\lab8\lab8.vf" line 534: Output port <OFL> of the instance <XLXI_3> is unconnected or connected to loadless signal.
    Summary:
	no macro.
Unit <lab8> synthesized.

Synthesizing Unit <ADD8_HXILINX_lab8>.
    Related source file is "C:\digitalWorkspace\lab8\lab8.vf".
    Found 9-bit adder for signal <n0010> created at line 62.
    Summary:
	inferred   1 Adder/Subtractor(s).
Unit <ADD8_HXILINX_lab8> synthesized.

Synthesizing Unit <to1000Hz_MUSER_lab8>.
    Related source file is "C:\digitalWorkspace\lab8\lab8.vf".
    Set property "HU_SET = XLXI_31_23" for instance <XLXI_31>.
    Set property "HU_SET = XLXI_33_24" for instance <XLXI_33>.
    Set property "HU_SET = XLXI_36_25" for instance <XLXI_36>.
    Set property "HU_SET = XLXI_38_26" for instance <XLXI_38>.
    Set property "HU_SET = XLXI_63_27" for instance <XLXI_63>.
WARNING:Xst:2898 - Port 'CLR', unconnected in block instance 'XLXI_31', is tied to GND.
WARNING:Xst:2898 - Port 'CLR', unconnected in block instance 'XLXI_33', is tied to GND.
WARNING:Xst:2898 - Port 'CLR', unconnected in block instance 'XLXI_36', is tied to GND.
WARNING:Xst:2898 - Port 'CLR', unconnected in block instance 'XLXI_38', is tied to GND.
WARNING:Xst:2898 - Port 'CLR', unconnected in block instance 'XLXI_63', is tied to GND.
INFO:Xst:3210 - "C:\digitalWorkspace\lab8\lab8.vf" line 458: Output port <CEO> of the instance <XLXI_31> is unconnected or connected to loadless signal.
INFO:Xst:3210 - "C:\digitalWorkspace\lab8\lab8.vf" line 458: Output port <Q0> of the instance <XLXI_31> is unconnected or connected to loadless signal.
INFO:Xst:3210 - "C:\digitalWorkspace\lab8\lab8.vf" line 458: Output port <Q1> of the instance <XLXI_31> is unconnected or connected to loadless signal.
INFO:Xst:3210 - "C:\digitalWorkspace\lab8\lab8.vf" line 458: Output port <Q2> of the instance <XLXI_31> is unconnected or connected to loadless signal.
INFO:Xst:3210 - "C:\digitalWorkspace\lab8\lab8.vf" line 458: Output port <Q3> of the instance <XLXI_31> is unconnected or connected to loadless signal.
INFO:Xst:3210 - "C:\digitalWorkspace\lab8\lab8.vf" line 470: Output port <CEO> of the instance <XLXI_33> is unconnected or connected to loadless signal.
INFO:Xst:3210 - "C:\digitalWorkspace\lab8\lab8.vf" line 470: Output port <Q0> of the instance <XLXI_33> is unconnected or connected to loadless signal.
INFO:Xst:3210 - "C:\digitalWorkspace\lab8\lab8.vf" line 470: Output port <Q1> of the instance <XLXI_33> is unconnected or connected to loadless signal.
INFO:Xst:3210 - "C:\digitalWorkspace\lab8\lab8.vf" line 470: Output port <Q2> of the instance <XLXI_33> is unconnected or connected to loadless signal.
INFO:Xst:3210 - "C:\digitalWorkspace\lab8\lab8.vf" line 470: Output port <Q3> of the instance <XLXI_33> is unconnected or connected to loadless signal.
INFO:Xst:3210 - "C:\digitalWorkspace\lab8\lab8.vf" line 482: Output port <CEO> of the instance <XLXI_36> is unconnected or connected to loadless signal.
INFO:Xst:3210 - "C:\digitalWorkspace\lab8\lab8.vf" line 482: Output port <Q0> of the instance <XLXI_36> is unconnected or connected to loadless signal.
INFO:Xst:3210 - "C:\digitalWorkspace\lab8\lab8.vf" line 482: Output port <Q1> of the instance <XLXI_36> is unconnected or connected to loadless signal.
INFO:Xst:3210 - "C:\digitalWorkspace\lab8\lab8.vf" line 482: Output port <Q2> of the instance <XLXI_36> is unconnected or connected to loadless signal.
INFO:Xst:3210 - "C:\digitalWorkspace\lab8\lab8.vf" line 482: Output port <Q3> of the instance <XLXI_36> is unconnected or connected to loadless signal.
INFO:Xst:3210 - "C:\digitalWorkspace\lab8\lab8.vf" line 494: Output port <CEO> of the instance <XLXI_38> is unconnected or connected to loadless signal.
INFO:Xst:3210 - "C:\digitalWorkspace\lab8\lab8.vf" line 494: Output port <Q0> of the instance <XLXI_38> is unconnected or connected to loadless signal.
INFO:Xst:3210 - "C:\digitalWorkspace\lab8\lab8.vf" line 494: Output port <Q1> of the instance <XLXI_38> is unconnected or connected to loadless signal.
INFO:Xst:3210 - "C:\digitalWorkspace\lab8\lab8.vf" line 494: Output port <Q2> of the instance <XLXI_38> is unconnected or connected to loadless signal.
INFO:Xst:3210 - "C:\digitalWorkspace\lab8\lab8.vf" line 494: Output port <Q3> of the instance <XLXI_38> is unconnected or connected to loadless signal.
    Summary:
	no macro.
Unit <to1000Hz_MUSER_lab8> synthesized.

Synthesizing Unit <CD4CE_HXILINX_lab8>.
    Related source file is "C:\digitalWorkspace\lab8\lab8.vf".
        TERMINAL_COUNT = 4'b1001
    Found 1-bit register for signal <Q1>.
    Found 1-bit register for signal <Q2>.
    Found 1-bit register for signal <Q3>.
    Found 1-bit register for signal <Q0>.
    Found 4-bit adder for signal <Q3_GND_4_o_add_4_OUT> created at line 154.
    Summary:
	inferred   1 Adder/Subtractor(s).
	inferred   4 D-type flip-flop(s).
	inferred   7 Multiplexer(s).
Unit <CD4CE_HXILINX_lab8> synthesized.

Synthesizing Unit <FJKC_HXILINX_lab8>.
    Related source file is "C:\digitalWorkspace\lab8\lab8.vf".
        INIT = 1'b0
    Found 1-bit register for signal <Q>.
    Summary:
	inferred   1 D-type flip-flop(s).
Unit <FJKC_HXILINX_lab8> synthesized.

Synthesizing Unit <myMultiplexer_MUSER_lab8>.
    Related source file is "C:\digitalWorkspace\lab8\lab8.vf".
    Set property "HU_SET = XLXI_5_19" for instance <XLXI_5>.
    Set property "HU_SET = XLXI_11_20" for instance <XLXI_11>.
    Set property "HU_SET = XLXI_12_21" for instance <XLXI_12>.
    Set property "HU_SET = XLXI_13_22" for instance <XLXI_13>.
    Summary:
	no macro.
Unit <myMultiplexer_MUSER_lab8> synthesized.

Synthesizing Unit <M2_1E_HXILINX_lab8>.
    Related source file is "C:\digitalWorkspace\lab8\lab8.vf".
    Summary:
	inferred   2 Multiplexer(s).
Unit <M2_1E_HXILINX_lab8> synthesized.

Synthesizing Unit <bcdToHexDecoder_MUSER_lab8>.
    Related source file is "C:\digitalWorkspace\lab8\lab8.vf".
    Set property "HU_SET = XLXI_21_17" for instance <XLXI_21>.
    Set property "HU_SET = XLXI_28_18" for instance <XLXI_28>.
WARNING:Xst:2898 - Port 'I0', unconnected in block instance 'XLXI_28', is tied to GND.
    Summary:
	no macro.
Unit <bcdToHexDecoder_MUSER_lab8> synthesized.

Synthesizing Unit <OR6_HXILINX_lab8>.
    Related source file is "C:\digitalWorkspace\lab8\lab8.vf".
    Summary:
	no macro.
Unit <OR6_HXILINX_lab8> synthesized.

Synthesizing Unit <OR8_HXILINX_lab8>.
    Related source file is "C:\digitalWorkspace\lab8\lab8.vf".
    Summary:
	no macro.
Unit <OR8_HXILINX_lab8> synthesized.

Synthesizing Unit <COMP8_HXILINX_lab8>.
    Related source file is "C:\digitalWorkspace\lab8\lab8.vf".
    Summary:
	no macro.
Unit <COMP8_HXILINX_lab8> synthesized.

=========================================================================
HDL Synthesis Report

Macro Statistics
# Adders/Subtractors                                   : 5
 4-bit adder                                           : 4
 9-bit adder                                           : 1
# Registers                                            : 17
 1-bit register                                        : 17
# Multiplexers                                         : 36
 1-bit 2-to-1 multiplexer                              : 36

=========================================================================

=========================================================================
*                       Advanced HDL Synthesis                          *
=========================================================================


=========================================================================
Advanced HDL Synthesis Report

Macro Statistics
# Adders/Subtractors                                   : 5
 4-bit adder                                           : 4
 9-bit adder                                           : 1
# Registers                                            : 17
 Flip-Flops                                            : 17
# Multiplexers                                         : 36
 1-bit 2-to-1 multiplexer                              : 36

=========================================================================

=========================================================================
*                         Low Level Synthesis                           *
=========================================================================

Optimizing unit <lab8> ...

Optimizing unit <to1000Hz_MUSER_lab8> ...

Optimizing unit <bcdToHexDecoder_MUSER_lab8> ...

Optimizing unit <ADD8_HXILINX_lab8> ...

Optimizing unit <CD4CE_HXILINX_lab8> ...

Optimizing unit <FJKC_HXILINX_lab8> ...

Optimizing unit <M2_1E_HXILINX_lab8> ...

Optimizing unit <COMP8_HXILINX_lab8> ...

Optimizing unit <OR6_HXILINX_lab8> ...

Optimizing unit <OR8_HXILINX_lab8> ...

Mapping all equations...
Building and optimizing final netlist ...
Found area constraint ratio of 100 (+ 5) on block lab8, actual ratio is 0.

Final Macro Processing ...

=========================================================================
Final Register Report

Macro Statistics
# Registers                                            : 17
 Flip-Flops                                            : 17

=========================================================================

=========================================================================
*                           Partition Report                            *
=========================================================================

Partition Implementation Status
-------------------------------

  No Partitions were found in this design.

-------------------------------

=========================================================================
*                            Design Summary                             *
=========================================================================

Top Level Output File Name         : lab8.ngc

Primitive and Black Box Usage:
------------------------------
# BELS                             : 102
#      AND2                        : 29
#      AND3                        : 1
#      AND4                        : 1
#      BUF                         : 1
#      GND                         : 2
#      INV                         : 14
#      LUT2                        : 9
#      LUT3                        : 13
#      LUT4                        : 8
#      LUT6                        : 3
#      MUXCY                       : 7
#      OR4                         : 1
#      OR5                         : 4
#      VCC                         : 1
#      XORCY                       : 8
# FlipFlops/Latches                : 17
#      FDCE                        : 16
#      FDE                         : 1
# Clock Buffers                    : 1
#      BUFGP                       : 1
# IO Buffers                       : 26
#      IBUF                        : 16
#      OBUF                        : 10

Device utilization summary:
---------------------------

Selected Device : 6slx9tqg144-3 


Slice Logic Utilization: 
 Number of Slice Registers:              17  out of  11440     0%  
 Number of Slice LUTs:                   47  out of   5720     0%  
    Number used as Logic:                47  out of   5720     0%  

Slice Logic Distribution: 
 Number of LUT Flip Flop pairs used:     64
   Number with an unused Flip Flop:      47  out of     64    73%  
   Number with an unused LUT:            17  out of     64    26%  
   Number of fully used LUT-FF pairs:     0  out of     64     0%  
   Number of unique control sets:         5

IO Utilization: 
 Number of IOs:                          27
 Number of bonded IOBs:                  27  out of    102    26%  

Specific Feature Utilization:
 Number of BUFG/BUFGCTRLs:                1  out of     16     6%  

---------------------------
Partition Resource Summary:
---------------------------

  No Partitions were found in this design.

---------------------------


=========================================================================
Timing Report

NOTE: THESE TIMING NUMBERS ARE ONLY A SYNTHESIS ESTIMATE.
      FOR ACCURATE TIMING INFORMATION PLEASE REFER TO THE TRACE REPORT
      GENERATED AFTER PLACE-and-ROUTE.

Clock Information:
------------------
---------------------------------------------+---------------------------+-------+
Clock Signal                                 | Clock buffer(FF name)     | Load  |
---------------------------------------------+---------------------------+-------+
XLXI_5/XLXI_36/TC(XLXI_5/XLXI_36/Mmux_TC11:O)| NONE(*)(XLXI_5/XLXI_38/Q3)| 4     |
XLXI_5/XLXI_33/TC(XLXI_5/XLXI_33/Mmux_TC11:O)| NONE(*)(XLXI_5/XLXI_36/Q3)| 4     |
XLXI_5/XLXI_31/TC(XLXI_5/XLXI_31/Mmux_TC11:O)| NONE(*)(XLXI_5/XLXI_33/Q3)| 4     |
XLXN_8                                       | BUFGP                     | 4     |
XLXI_5/XLXI_38/TC(XLXI_5/XLXI_38/Mmux_TC11:O)| NONE(*)(XLXI_5/XLXI_63/Q) | 1     |
---------------------------------------------+---------------------------+-------+
(*) These 4 clock signal(s) are generated by combinatorial logic,
and XST is not able to identify which are the primary clock signals.
Please use the CLOCK_SIGNAL constraint to specify the clock signal(s) generated by combinatorial logic.
INFO:Xst:2169 - HDL ADVISOR - Some clock signals were not automatically buffered by XST with BUFG/BUFR resources. Please use the buffer_type constraint in order to insert these buffers to the clock signals to help prevent skew problems.

Asynchronous Control Signals Information:
----------------------------------------
No asynchronous control signals found in this design

Timing Summary:
---------------
Speed Grade: -3

   Minimum period: 2.106ns (Maximum Frequency: 474.721MHz)
   Minimum input arrival time before clock: No path found
   Maximum output required time after clock: 9.852ns
   Maximum combinational path delay: 11.698ns

Timing Details:
---------------
All values displayed in nanoseconds (ns)

=========================================================================
Timing constraint: Default period analysis for Clock 'XLXI_5/XLXI_36/TC'
  Clock period: 2.048ns (frequency: 488.317MHz)
  Total number of paths / destination ports: 11 / 4
-------------------------------------------------------------------------
Delay:               2.048ns (Levels of Logic = 1)
  Source:            XLXI_5/XLXI_38/Q0 (FF)
  Destination:       XLXI_5/XLXI_38/Q0 (FF)
  Source Clock:      XLXI_5/XLXI_36/TC falling
  Destination Clock: XLXI_5/XLXI_36/TC falling

  Data Path: XLXI_5/XLXI_38/Q0 to XLXI_5/XLXI_38/Q0
                                Gate     Net
    Cell:in->out      fanout   Delay   Delay  Logical Name (Net Name)
    ----------------------------------------  ------------
     FDCE:C->Q             5   0.447   0.714  Q0 (Q0)
     INV:I->O              1   0.206   0.579  Mmux_Q3_GND_4_o_MUX_13_o11_INV_0 (Q3_GND_4_o_MUX_13_o)
     FDCE:D                    0.102          Q0
    ----------------------------------------
    Total                      2.048ns (0.755ns logic, 1.293ns route)
                                       (36.9% logic, 63.1% route)

=========================================================================
Timing constraint: Default period analysis for Clock 'XLXI_5/XLXI_33/TC'
  Clock period: 2.048ns (frequency: 488.317MHz)
  Total number of paths / destination ports: 11 / 4
-------------------------------------------------------------------------
Delay:               2.048ns (Levels of Logic = 1)
  Source:            XLXI_5/XLXI_36/Q0 (FF)
  Destination:       XLXI_5/XLXI_36/Q0 (FF)
  Source Clock:      XLXI_5/XLXI_33/TC falling
  Destination Clock: XLXI_5/XLXI_33/TC falling

  Data Path: XLXI_5/XLXI_36/Q0 to XLXI_5/XLXI_36/Q0
                                Gate     Net
    Cell:in->out      fanout   Delay   Delay  Logical Name (Net Name)
    ----------------------------------------  ------------
     FDCE:C->Q             5   0.447   0.714  Q0 (Q0)
     INV:I->O              1   0.206   0.579  Mmux_Q3_GND_4_o_MUX_13_o11_INV_0 (Q3_GND_4_o_MUX_13_o)
     FDCE:D                    0.102          Q0
    ----------------------------------------
    Total                      2.048ns (0.755ns logic, 1.293ns route)
                                       (36.9% logic, 63.1% route)

=========================================================================
Timing constraint: Default period analysis for Clock 'XLXI_5/XLXI_31/TC'
  Clock period: 2.048ns (frequency: 488.317MHz)
  Total number of paths / destination ports: 11 / 4
-------------------------------------------------------------------------
Delay:               2.048ns (Levels of Logic = 1)
  Source:            XLXI_5/XLXI_33/Q0 (FF)
  Destination:       XLXI_5/XLXI_33/Q0 (FF)
  Source Clock:      XLXI_5/XLXI_31/TC falling
  Destination Clock: XLXI_5/XLXI_31/TC falling

  Data Path: XLXI_5/XLXI_33/Q0 to XLXI_5/XLXI_33/Q0
                                Gate     Net
    Cell:in->out      fanout   Delay   Delay  Logical Name (Net Name)
    ----------------------------------------  ------------
     FDCE:C->Q             5   0.447   0.714  Q0 (Q0)
     INV:I->O              1   0.206   0.579  Mmux_Q3_GND_4_o_MUX_13_o11_INV_0 (Q3_GND_4_o_MUX_13_o)
     FDCE:D                    0.102          Q0
    ----------------------------------------
    Total                      2.048ns (0.755ns logic, 1.293ns route)
                                       (36.9% logic, 63.1% route)

=========================================================================
Timing constraint: Default period analysis for Clock 'XLXN_8'
  Clock period: 2.048ns (frequency: 488.317MHz)
  Total number of paths / destination ports: 11 / 4
-------------------------------------------------------------------------
Delay:               2.048ns (Levels of Logic = 1)
  Source:            XLXI_5/XLXI_31/Q0 (FF)
  Destination:       XLXI_5/XLXI_31/Q0 (FF)
  Source Clock:      XLXN_8 rising
  Destination Clock: XLXN_8 rising

  Data Path: XLXI_5/XLXI_31/Q0 to XLXI_5/XLXI_31/Q0
                                Gate     Net
    Cell:in->out      fanout   Delay   Delay  Logical Name (Net Name)
    ----------------------------------------  ------------
     FDCE:C->Q             5   0.447   0.714  Q0 (Q0)
     INV:I->O              1   0.206   0.579  Mmux_Q3_GND_4_o_MUX_13_o11_INV_0 (Q3_GND_4_o_MUX_13_o)
     FDCE:D                    0.102          Q0
    ----------------------------------------
    Total                      2.048ns (0.755ns logic, 1.293ns route)
                                       (36.9% logic, 63.1% route)

=========================================================================
Timing constraint: Default period analysis for Clock 'XLXI_5/XLXI_38/TC'
  Clock period: 2.106ns (frequency: 474.721MHz)
  Total number of paths / destination ports: 1 / 1
-------------------------------------------------------------------------
Delay:               2.106ns (Levels of Logic = 1)
  Source:            XLXI_5/XLXI_63/Q (FF)
  Destination:       XLXI_5/XLXI_63/Q (FF)
  Source Clock:      XLXI_5/XLXI_38/TC falling
  Destination Clock: XLXI_5/XLXI_38/TC falling

  Data Path: XLXI_5/XLXI_63/Q to XLXI_5/XLXI_63/Q
                                Gate     Net
    Cell:in->out      fanout   Delay   Delay  Logical Name (Net Name)
    ----------------------------------------  ------------
     FDE:C->Q              7   0.447   0.773  Q (Q)
     INV:I->O              1   0.206   0.579  Q_INV_7_o1_INV_0 (Q_INV_7_o)
     FDE:D                     0.102          Q
    ----------------------------------------
    Total                      2.106ns (0.755ns logic, 1.352ns route)
                                       (35.8% logic, 64.2% route)

=========================================================================
Timing constraint: Default OFFSET OUT AFTER for Clock 'XLXI_5/XLXI_38/TC'
  Total number of paths / destination ports: 92 / 9
-------------------------------------------------------------------------
Offset:              9.852ns (Levels of Logic = 9)
  Source:            XLXI_5/XLXI_63/Q (FF)
  Destination:       segment<3> (PAD)
  Source Clock:      XLXI_5/XLXI_38/TC falling

  Data Path: XLXI_5/XLXI_63/Q to segment<3>
                                Gate     Net
    Cell:in->out      fanout   Delay   Delay  Logical Name (Net Name)
    ----------------------------------------  ------------
     FDE:C->Q              7   0.447   1.002  Q (Q)
     end scope: 'XLXI_5/XLXI_63:Q'
     begin scope: 'XLXI_7/XLXI_13:S0'
     LUT3:I0->O            8   0.205   0.802  Mmux_O11 (O)
     end scope: 'XLXI_7/XLXI_13:O'
     INV:I->O              5   0.568   1.059  XLXI_8/XLXI_4 (XLXI_8/XLXN_73)
     AND2:I1->O            4   0.223   1.028  XLXI_8/DbBn (XLXI_8/XLNX)
     AND2:I1->O            1   0.223   0.944  XLXI_8/DbCbB (XLXI_8/XLXN_83)
     begin scope: 'XLXI_8/XLXI_28:I6'
     LUT6:I0->O            1   0.203   0.579  O (O)
     end scope: 'XLXI_8/XLXI_28:O'
     OBUF:I->O                 2.571          segment_3_OBUF (segment<3>)
    ----------------------------------------
    Total                      9.852ns (4.440ns logic, 5.412ns route)
                                       (45.1% logic, 54.9% route)

=========================================================================
Timing constraint: Default path analysis
  Total number of paths / destination ports: 2392 / 8
-------------------------------------------------------------------------
Delay:               11.698ns (Levels of Logic = 19)
  Source:            slide<0> (PAD)
  Destination:       segment<3> (PAD)

  Data Path: slide<0> to segment<3>
                                Gate     Net
    Cell:in->out      fanout   Delay   Delay  Logical Name (Net Name)
    ----------------------------------------  ------------
     IBUF:I->O             1   1.222   0.684  slide_0_IBUF (slide_0_IBUF)
     begin scope: 'XLXI_3:A<0>'
     LUT2:I0->O            1   0.203   0.000  Madd_n0010_lut<0> (Madd_n0010_lut<0>)
     MUXCY:S->O            1   0.172   0.000  Madd_n0010_cy<0> (Madd_n0010_cy<0>)
     MUXCY:CI->O           1   0.019   0.000  Madd_n0010_cy<1> (Madd_n0010_cy<1>)
     MUXCY:CI->O           1   0.019   0.000  Madd_n0010_cy<2> (Madd_n0010_cy<2>)
     MUXCY:CI->O           1   0.019   0.000  Madd_n0010_cy<3> (Madd_n0010_cy<3>)
     MUXCY:CI->O           1   0.019   0.000  Madd_n0010_cy<4> (Madd_n0010_cy<4>)
     MUXCY:CI->O           1   0.019   0.000  Madd_n0010_cy<5> (Madd_n0010_cy<5>)
     MUXCY:CI->O           0   0.019   0.000  Madd_n0010_cy<6> (Madd_n0010_cy<6>)
     XORCY:CI->O           2   0.180   0.721  Madd_n0010_xor<7> (S<7>)
     end scope: 'XLXI_3:S<7>'
     begin scope: 'XLXI_7/XLXI_13:D1'
     LUT3:I1->O            8   0.203   0.802  Mmux_O11 (O)
     end scope: 'XLXI_7/XLXI_13:O'
     INV:I->O              5   0.568   1.059  XLXI_8/XLXI_4 (XLXI_8/XLXN_73)
     AND2:I1->O            4   0.223   1.028  XLXI_8/DbBn (XLXI_8/XLNX)
     AND2:I1->O            1   0.223   0.944  XLXI_8/DbCbB (XLXI_8/XLXN_83)
     begin scope: 'XLXI_8/XLXI_28:I6'
     LUT6:I0->O            1   0.203   0.579  O (O)
     end scope: 'XLXI_8/XLXI_28:O'
     OBUF:I->O                 2.571          segment_3_OBUF (segment<3>)
    ----------------------------------------
    Total                     11.698ns (5.882ns logic, 5.816ns route)
                                       (50.3% logic, 49.7% route)

=========================================================================

Cross Clock Domains Report:
--------------------------

Clock to Setup on destination clock XLXI_5/XLXI_31/TC
-----------------+---------+---------+---------+---------+
                 | Src:Rise| Src:Fall| Src:Rise| Src:Fall|
Source Clock     |Dest:Rise|Dest:Rise|Dest:Fall|Dest:Fall|
-----------------+---------+---------+---------+---------+
XLXI_5/XLXI_31/TC|         |         |    2.048|         |
-----------------+---------+---------+---------+---------+

Clock to Setup on destination clock XLXI_5/XLXI_33/TC
-----------------+---------+---------+---------+---------+
                 | Src:Rise| Src:Fall| Src:Rise| Src:Fall|
Source Clock     |Dest:Rise|Dest:Rise|Dest:Fall|Dest:Fall|
-----------------+---------+---------+---------+---------+
XLXI_5/XLXI_33/TC|         |         |    2.048|         |
-----------------+---------+---------+---------+---------+

Clock to Setup on destination clock XLXI_5/XLXI_36/TC
-----------------+---------+---------+---------+---------+
                 | Src:Rise| Src:Fall| Src:Rise| Src:Fall|
Source Clock     |Dest:Rise|Dest:Rise|Dest:Fall|Dest:Fall|
-----------------+---------+---------+---------+---------+
XLXI_5/XLXI_36/TC|         |         |    2.048|         |
-----------------+---------+---------+---------+---------+

Clock to Setup on destination clock XLXI_5/XLXI_38/TC
-----------------+---------+---------+---------+---------+
                 | Src:Rise| Src:Fall| Src:Rise| Src:Fall|
Source Clock     |Dest:Rise|Dest:Rise|Dest:Fall|Dest:Fall|
-----------------+---------+---------+---------+---------+
XLXI_5/XLXI_38/TC|         |         |    2.106|         |
-----------------+---------+---------+---------+---------+

Clock to Setup on destination clock XLXN_8
---------------+---------+---------+---------+---------+
               | Src:Rise| Src:Fall| Src:Rise| Src:Fall|
Source Clock   |Dest:Rise|Dest:Rise|Dest:Fall|Dest:Fall|
---------------+---------+---------+---------+---------+
XLXN_8         |    2.048|         |         |         |
---------------+---------+---------+---------+---------+

=========================================================================


Total REAL time to Xst completion: 4.00 secs
Total CPU time to Xst completion: 3.94 secs
 
--> 

Total memory usage is 4495136 kilobytes

Number of errors   :    0 (   0 filtered)
Number of warnings :   17 (   0 filtered)
Number of infos    :   23 (   0 filtered)

