Release 14.7 - ngc2edif P.20131013 (nt64)
Copyright (c) 1995-2013 Xilinx, Inc.  All rights reserved.
Reading design encoder.ngc ...
WARNING:NetListWriters:298 - No output is written to encoder.xncf, ignored.
Processing design ...
   Preping design's networks ...
   Preping design's macros ...
  finished :Prep
Writing EDIF netlist file encoder.edif ...
ngc2edif: Total memory usage is 4311420 kilobytes

Release 14.7 - ngc2edif P.20131013 (nt64)
Copyright (c) 1995-2013 Xilinx, Inc.  All rights reserved.
Reading design main2.ngc ...
WARNING:NetListWriters:298 - No output is written to main2.xncf, ignored.
Processing design ...
   Preping design's networks ...
   Preping design's macros ...
  finished :Prep
Writing EDIF netlist file main2.edif ...
ngc2edif: Total memory usage is 4310848 kilobytes

