
****** PlanAhead v14.7 (64-bit)
  **** Build 321239 by xbuild on Fri Sep 27 19:29:51 MDT 2013
    ** Copyright 1986-1999, 2001-2013 Xilinx, Inc. All Rights Reserved.

INFO: [Common 17-78] Attempting to get a license: PlanAhead
INFO: [Common 17-290] Got license for PlanAhead
INFO: [Device 21-36] Loading parts and site information from C:/Xilinx/14.7/ISE_DS/PlanAhead/data/parts/arch.xml
Parsing RTL primitives file [C:/Xilinx/14.7/ISE_DS/PlanAhead/data/parts/xilinx/rtl/prims/rtl_prims.xml]
Finished parsing RTL primitives file [C:/Xilinx/14.7/ISE_DS/PlanAhead/data/parts/xilinx/rtl/prims/rtl_prims.xml]
start_gui
source C:/digitalWorkspace/lab8/pa.fromHdl.tcl
# create_project -name lab8 -dir "C:/digitalWorkspace/lab8/planAhead_run_1" -part xc6slx9tqg144-3
# set_param project.pinAheadLayout yes
# set srcset [get_property srcset [current_run -impl]]
# set_property target_constrs_file "lab8.ucf" [current_fileset -constrset]
Adding file 'C:/digitalWorkspace/lab8/lab8.ucf' to fileset 'constrs_1'
# set hdlfile [add_files [list {bcdToHexDecoder.vf}]]
# set_property file_type Verilog $hdlfile
# set_property library work $hdlfile
# set hdlfile [add_files [list {lab8.vf}]]
# set_property file_type Verilog $hdlfile
# set_property library work $hdlfile
# set_property top lab8 $srcset
# add_files [list {lab8.ucf}] -fileset [get_property constrset [current_run]]
# open_rtl_design -part xc6slx9tqg144-3
Using Verific elaboration
Parsing VHDL file "C:/Xilinx/14.7/ISE_DS/PlanAhead/data/parts/xilinx/rtl/lib/synplify/synattr.vhd" into library synplify
Analyzing Verilog file "C:/digitalWorkspace/lab8/lab8.vf" into library work
Loading clock regions from C:/Xilinx/14.7/ISE_DS/PlanAhead/data\parts/xilinx/spartan6/spartan6lx/xc6slx9/ClockRegion.xml
Loading clock buffers from C:/Xilinx/14.7/ISE_DS/PlanAhead/data\parts/xilinx/spartan6/spartan6lx/xc6slx9/ClockBuffers.xml
Loading package pin functions from C:/Xilinx/14.7/ISE_DS/PlanAhead/data\parts/xilinx/spartan6/PinFunctions.xml...
Loading package from C:/Xilinx/14.7/ISE_DS/PlanAhead/data\parts/xilinx/spartan6/spartan6lx/xc6slx9/tqg144/Package.xml
Loading io standards from C:/Xilinx/14.7/ISE_DS/PlanAhead/data\./parts/xilinx/spartan6/IOStandards.xml
Loading device configuration modes from C:/Xilinx/14.7/ISE_DS/PlanAhead/data\parts/xilinx/spartan6/ConfigModes.xml
Loading list of drcs for the architecture : C:/Xilinx/14.7/ISE_DS/PlanAhead/data\./parts/xilinx/spartan6/drc.xml
Parsing UCF File [C:/digitalWorkspace/lab8/lab8.ucf]
Finished Parsing UCF File [C:/digitalWorkspace/lab8/lab8.ucf]
INFO: [Project 1-111] Unisim Transformation Summary:
No Unisim elements were transformed.

Phase 0 | Netlist Checksum: dbfa531c
open_rtl_design: Time (s): elapsed = 00:00:07 . Memory (MB): peak = 659.172 ; gain = 140.379
update_compile_order -fileset sim_1
startgroup
set_property package_pin P59 [get_ports {XLXN_1[3]}]
endgroup
startgroup
set_property package_pin P61 [get_ports {XLXN_1[2]}]
endgroup
set_property package_pin "" [get_ports [list  {XLXN_1[1]}]]
startgroup
set_property package_pin P61 [get_ports {XLXN_1[2]}]
endgroup
startgroup
set_property package_pin P62 [get_ports {XLXN_1[1]}]
endgroup
startgroup
set_property package_pin P66 [get_ports {XLXN_1[0]}]
endgroup
startgroup
set_property package_pin P27 [get_ports {XLXN_2[6]}]
endgroup
set_property package_pin "" [get_ports [list  {XLXN_2[4]}]]
startgroup
set_property package_pin P29 [get_ports {XLXN_2[5]}]
endgroup
set_property package_pin "" [get_ports [list  {XLXN_2[3]}]]
startgroup
set_property package_pin P32 [get_ports {XLXN_2[4]}]
endgroup
startgroup
set_property package_pin P34 [get_ports {XLXN_2[3]}]
endgroup
startgroup
set_property package_pin P35 [get_ports {XLXN_2[2]}]
endgroup
startgroup
set_property package_pin P35 [get_ports {XLXN_2[2]}]
endgroup
startgroup
set_property package_pin P40 [get_ports {XLXN_2[1]}]
endgroup
startgroup
set_property package_pin P41 [get_ports {XLXN_2[0]}]
endgroup
save_constraints
exit
ERROR: [Common 17-39] 'stop_gui' failed due to earlier errors.
INFO: [Common 17-206] Exiting PlanAhead at Mon Oct 28 11:48:02 2019...
INFO: [Common 17-83] Releasing license: PlanAhead
