#-----------------------------------------------------------
# PlanAhead v14.7 (64-bit)
# Build 321239 by xbuild on Fri Sep 27 19:29:51 MDT 2013
# Start of session at: Tue Oct 22 22:19:55 2019
# Process ID: 6296
# Log file: C:/digitalWorkspace/lab7/planAhead_run_2/planAhead.log
# Journal file: C:/digitalWorkspace/lab7/planAhead_run_2/planAhead.jou
#-----------------------------------------------------------
INFO: [Common 17-78] Attempting to get a license: PlanAhead
INFO: [Common 17-290] Got license for PlanAhead
INFO: [Device 21-36] Loading parts and site information from C:/Xilinx/14.7/ISE_DS/PlanAhead/data/parts/arch.xml
Parsing RTL primitives file [C:/Xilinx/14.7/ISE_DS/PlanAhead/data/parts/xilinx/rtl/prims/rtl_prims.xml]
Finished parsing RTL primitives file [C:/Xilinx/14.7/ISE_DS/PlanAhead/data/parts/xilinx/rtl/prims/rtl_prims.xml]
start_gui
source C:/digitalWorkspace/lab7/pa.fromHdl.tcl
# create_project -name lab7 -dir "C:/digitalWorkspace/lab7/planAhead_run_2" -part xc6slx9tqg144-3
ERROR: [Common 17-53] User Exception: Project already exists on disk, please use '-force' option to overwrite: 
     C:/digitalWorkspace/lab7/planAhead_run_2/lab7.ppr
     C:/digitalWorkspace/lab7/planAhead_run_2/lab7.data

    while executing
"create_project -name lab7 -dir "C:/digitalWorkspace/lab7/planAhead_run_2" -part xc6slx9tqg144-3"
    (file "C:/digitalWorkspace/lab7/pa.fromHdl.tcl" line 4)
exit
INFO: [Common 17-206] Exiting PlanAhead at Tue Oct 22 22:20:11 2019...
INFO: [Common 17-83] Releasing license: PlanAhead
