
****** PlanAhead v14.7 (64-bit)
  **** Build 321239 by xbuild on Fri Sep 27 19:29:51 MDT 2013
    ** Copyright 1986-1999, 2001-2013 Xilinx, Inc. All Rights Reserved.

INFO: [Common 17-78] Attempting to get a license: PlanAhead
INFO: [Common 17-290] Got license for PlanAhead
INFO: [Device 21-36] Loading parts and site information from C:/Xilinx/14.7/ISE_DS/PlanAhead/data/parts/arch.xml
Parsing RTL primitives file [C:/Xilinx/14.7/ISE_DS/PlanAhead/data/parts/xilinx/rtl/prims/rtl_prims.xml]
Finished parsing RTL primitives file [C:/Xilinx/14.7/ISE_DS/PlanAhead/data/parts/xilinx/rtl/prims/rtl_prims.xml]
start_gui
source C:/digitalWorkspace/lab9/pa.fromHdl.tcl
# create_project -name lab9 -dir "C:/digitalWorkspace/lab9/planAhead_run_1" -part xc6slx9tqg144-3
# set_param project.pinAheadLayout yes
# set srcset [get_property srcset [current_run -impl]]
# set_property target_constrs_file "lab9.ucf" [current_fileset -constrset]
Adding file 'C:/digitalWorkspace/lab9/lab9.ucf' to fileset 'constrs_1'
# set hdlfile [add_files [list {xxorrr.vf}]]
# set_property file_type Verilog $hdlfile
# set_property library work $hdlfile
# set hdlfile [add_files [list {sub_8bit_2complement.vf}]]
# set_property file_type Verilog $hdlfile
# set_property library work $hdlfile
# set hdlfile [add_files [list {shl.vf}]]
# set_property file_type Verilog $hdlfile
# set_property library work $hdlfile
# set hdlfile [add_files [list {full_adder_8bit.vf}]]
# set_property file_type Verilog $hdlfile
# set_property library work $hdlfile
# set hdlfile [add_files [list {to1000Hz.vf}]]
# set_property file_type Verilog $hdlfile
# set_property library work $hdlfile
# set hdlfile [add_files [list {selector.vf}]]
# set_property file_type Verilog $hdlfile
# set_property library work $hdlfile
# set hdlfile [add_files [list {myMultiplexer.vf}]]
# set_property file_type Verilog $hdlfile
# set_property library work $hdlfile
# set hdlfile [add_files [list {encoder_4to2.vf}]]
# set_property file_type Verilog $hdlfile
# set_property library work $hdlfile
# set hdlfile [add_files [list {bcdToHexDecoder.vf}]]
# set_property file_type Verilog $hdlfile
# set_property library work $hdlfile
# set hdlfile [add_files [list {alu_new.vf}]]
# set_property file_type Verilog $hdlfile
# set_property library work $hdlfile
# set hdlfile [add_files [list {lab9.vf}]]
# set_property file_type Verilog $hdlfile
# set_property library work $hdlfile
# set_property top lab9 $srcset
# add_files [list {lab9.ucf}] -fileset [get_property constrset [current_run]]
# open_rtl_design -part xc6slx9tqg144-3
Using Verific elaboration
Parsing VHDL file "C:/Xilinx/14.7/ISE_DS/PlanAhead/data/parts/xilinx/rtl/lib/synplify/synattr.vhd" into library synplify
Analyzing Verilog file "C:/digitalWorkspace/lab9/lab9.vf" into library work
Loading clock regions from C:/Xilinx/14.7/ISE_DS/PlanAhead/data\parts/xilinx/spartan6/spartan6lx/xc6slx9/ClockRegion.xml
Loading clock buffers from C:/Xilinx/14.7/ISE_DS/PlanAhead/data\parts/xilinx/spartan6/spartan6lx/xc6slx9/ClockBuffers.xml
Loading package pin functions from C:/Xilinx/14.7/ISE_DS/PlanAhead/data\parts/xilinx/spartan6/PinFunctions.xml...
Loading package from C:/Xilinx/14.7/ISE_DS/PlanAhead/data\parts/xilinx/spartan6/spartan6lx/xc6slx9/tqg144/Package.xml
Loading io standards from C:/Xilinx/14.7/ISE_DS/PlanAhead/data\./parts/xilinx/spartan6/IOStandards.xml
Loading device configuration modes from C:/Xilinx/14.7/ISE_DS/PlanAhead/data\parts/xilinx/spartan6/ConfigModes.xml
Loading list of drcs for the architecture : C:/Xilinx/14.7/ISE_DS/PlanAhead/data\./parts/xilinx/spartan6/drc.xml
Parsing UCF File [C:/digitalWorkspace/lab9/lab9.ucf]
Finished Parsing UCF File [C:/digitalWorkspace/lab9/lab9.ucf]
INFO: [Project 1-111] Unisim Transformation Summary:
No Unisim elements were transformed.

Phase 0 | Netlist Checksum: 778f4bf0
open_rtl_design: Time (s): elapsed = 00:00:07 . Memory (MB): peak = 665.223 ; gain = 170.348
update_compile_order -fileset sim_1
startgroup
set_property package_pin P66 [get_ports {a[7]}]
endgroup
startgroup
set_property package_pin P62 [get_ports {a[6]}]
endgroup
startgroup
set_property package_pin P61 [get_ports {a[5]}]
endgroup
startgroup
set_property package_pin P59 [get_ports {a[4]}]
endgroup
startgroup
set_property package_pin P58 [get_ports {a[3]}]
endgroup
startgroup
set_property package_pin P57 [get_ports {a[2]}]
endgroup
startgroup
set_property package_pin P56 [get_ports {a[1]}]
endgroup
startgroup
set_property package_pin P55 [get_ports {a[7]}]
endgroup
set_property package_pin "" [get_ports [list  {a[1]}]]
startgroup
set_property package_pin P59 [get_ports {a[4]}]
endgroup
startgroup
set_property package_pin P55 [get_ports {a[7]}]
endgroup
startgroup
set_property package_pin P56 [get_ports {a[6]}]
endgroup
startgroup
set_property package_pin P58 [get_ports {a[3]}]
endgroup
set_property package_pin "" [get_ports [list  {a[2]}]]
set_property is_loc_fixed false [get_ports [list  {a[3]}]]
set_property package_pin "" [get_ports [list  {a[3]}]]
startgroup
set_property package_pin P59 [get_ports {a[4]}]
endgroup
startgroup
set_property package_pin P57 [get_ports {a[5]}]
endgroup
startgroup
set_property package_pin P58 [get_ports {a[4]}]
endgroup
startgroup
set_property package_pin P59 [get_ports {a[3]}]
endgroup
startgroup
set_property package_pin P61 [get_ports {a[2]}]
endgroup
startgroup
set_property package_pin P62 [get_ports {a[1]}]
endgroup
startgroup
set_property package_pin P66 [get_ports {a[0]}]
endgroup
startgroup
set_property package_pin P112 [get_ports {b[7]}]
endgroup
startgroup
set_property package_pin P111 [get_ports {b[6]}]
endgroup
startgroup
set_property package_pin P105 [get_ports {b[5]}]
endgroup
startgroup
set_property package_pin P104 [get_ports {b[4]}]
endgroup
startgroup
set_property package_pin P102 [get_ports {b[3]}]
endgroup
startgroup
set_property package_pin P101 [get_ports {b[2]}]
endgroup
startgroup
set_property package_pin P100 [get_ports {b[1]}]
endgroup
startgroup
set_property package_pin P99 [get_ports {b[0]}]
endgroup
startgroup
set_property package_pin P43 [get_ports {com[1]}]
endgroup
startgroup
set_property package_pin P44 [get_ports {com[0]}]
endgroup
startgroup
set_property package_pin P27 [get_ports {segment[6]}]
endgroup
set_property package_pin "" [get_ports [list  {segment[1]}]]
startgroup
set_property package_pin P41 [get_ports {segment[0]}]
endgroup
startgroup
set_property package_pin P40 [get_ports {segment[1]}]
endgroup
startgroup
set_property package_pin P35 [get_ports {segment[2]}]
endgroup
startgroup
set_property package_pin P34 [get_ports {segment[3]}]
endgroup
startgroup
set_property package_pin P32 [get_ports {segment[4]}]
endgroup
startgroup
set_property package_pin P29 [get_ports {segment[5]}]
endgroup
startgroup
set_property package_pin P123 [get_ports P123]
endgroup
startgroup
set_property package_pin P45 [get_ports plusPB1]
endgroup
startgroup
set_property package_pin P46 [get_ports shlPB4]
endgroup
startgroup
set_property package_pin P47 [get_ports subPB2]
endgroup
startgroup
set_property package_pin P48 [get_ports xxorPB3]
endgroup
save_constraints
exit
ERROR: [Common 17-39] 'stop_gui' failed due to earlier errors.
INFO: [Common 17-206] Exiting PlanAhead at Mon Nov 11 12:05:53 2019...
INFO: [Common 17-83] Releasing license: PlanAhead
