Release 14.7 - xst P.20131013 (nt64)
Copyright (c) 1995-2013 Xilinx, Inc.  All rights reserved.
--> Parameter TMPDIR set to xst/projnav.tmp


Total REAL time to Xst completion: 0.00 secs
Total CPU time to Xst completion: 0.08 secs
 
--> Parameter xsthdpdir set to xst


Total REAL time to Xst completion: 0.00 secs
Total CPU time to Xst completion: 0.08 secs
 
--> Reading design: main2.prj

TABLE OF CONTENTS
  1) Synthesis Options Summary
  2) HDL Parsing
  3) HDL Elaboration
  4) HDL Synthesis
       4.1) HDL Synthesis Report
  5) Advanced HDL Synthesis
       5.1) Advanced HDL Synthesis Report
  6) Low Level Synthesis
  7) Partition Report
  8) Design Summary
       8.1) Primitive and Black Box Usage
       8.2) Device utilization summary
       8.3) Partition Resource Summary
       8.4) Timing Report
            8.4.1) Clock Information
            8.4.2) Asynchronous Control Signals Information
            8.4.3) Timing Summary
            8.4.4) Timing Details
            8.4.5) Cross Clock Domains Report


=========================================================================
*                      Synthesis Options Summary                        *
=========================================================================
---- Source Parameters
Input File Name                    : "main2.prj"
Ignore Synthesis Constraint File   : NO

---- Target Parameters
Output File Name                   : "main2"
Output Format                      : NGC
Target Device                      : xc6slx9-3-tqg144

---- Source Options
Top Module Name                    : main2
Automatic FSM Extraction           : YES
FSM Encoding Algorithm             : Auto
Safe Implementation                : No
FSM Style                          : LUT
RAM Extraction                     : Yes
RAM Style                          : Auto
ROM Extraction                     : Yes
Shift Register Extraction          : YES
ROM Style                          : Auto
Resource Sharing                   : YES
Asynchronous To Synchronous        : NO
Shift Register Minimum Size        : 2
Use DSP Block                      : Auto
Automatic Register Balancing       : No

---- Target Options
LUT Combining                      : Auto
Reduce Control Sets                : Auto
Add IO Buffers                     : YES
Global Maximum Fanout              : 100000
Add Generic Clock Buffer(BUFG)     : 16
Register Duplication               : YES
Optimize Instantiated Primitives   : NO
Use Clock Enable                   : Auto
Use Synchronous Set                : Auto
Use Synchronous Reset              : Auto
Pack IO Registers into IOBs        : Auto
Equivalent register Removal        : YES

---- General Options
Optimization Goal                  : Speed
Optimization Effort                : 1
Power Reduction                    : NO
Keep Hierarchy                     : No
Netlist Hierarchy                  : As_Optimized
RTL Output                         : Yes
Global Optimization                : AllClockNets
Read Cores                         : YES
Write Timing Constraints           : NO
Cross Clock Analysis               : NO
Hierarchy Separator                : /
Bus Delimiter                      : <>
Case Specifier                     : Maintain
Slice Utilization Ratio            : 100
BRAM Utilization Ratio             : 100
DSP48 Utilization Ratio            : 100
Auto BRAM Packing                  : NO
Slice Utilization Ratio Delta      : 5

=========================================================================


=========================================================================
*                          HDL Parsing                                  *
=========================================================================
Analyzing Verilog file "E:\Programs\ISE\preTest\encoder.vf" into library work
Parsing module <encoder>.
Analyzing Verilog file "E:\Programs\ISE\preTest\loopSeg.vf" into library work
Parsing module <D4_16E_HXILINX_loopSeg>.
Parsing module <loopSeg>.
Analyzing Verilog file "E:\Programs\ISE\preTest\to_1_2_10_100_1000Hz.vf" into library work
Parsing module <CD4CE_HXILINX_to_1_2_10_100_1000Hz>.
Parsing module <FJKC_HXILINX_to_1_2_10_100_1000Hz>.
Parsing module <to_1_2_10_100_1000Hz>.
Analyzing Verilog file "E:\Programs\ISE\preTest\counter011.vf" into library work
Parsing module <FJKC_HXILINX_counter011>.
Parsing module <counter011>.
Analyzing Verilog file "E:\Programs\ISE\preTest\main2.vf" into library work
Parsing module <encoder_MUSER_main2>.
Parsing module <main2>.

=========================================================================
*                            HDL Elaboration                            *
=========================================================================

Elaborating module <main2>.

Elaborating module <encoder_MUSER_main2>.

Elaborating module <INV>.

Elaborating module <AND4>.

Elaborating module <OR4>.

Elaborating module <OR2>.

Elaborating module <to_1_2_10_100_1000Hz>.

Elaborating module <CD4CE_HXILINX_to_1_2_10_100_1000Hz>.
WARNING:HDLCompiler:413 - "E:\Programs\ISE\preTest\to_1_2_10_100_1000Hz.vf" Line 60: Result of 5-bit expression is truncated to fit in 4-bit target.

Elaborating module <FJKC_HXILINX_to_1_2_10_100_1000Hz>.

Elaborating module <VCC>.

Elaborating module <BUF>.
WARNING:HDLCompiler:552 - "E:\Programs\ISE\preTest\to_1_2_10_100_1000Hz.vf" Line 141: Input port CLR is not connected on this instance
WARNING:HDLCompiler:552 - "E:\Programs\ISE\preTest\to_1_2_10_100_1000Hz.vf" Line 153: Input port CLR is not connected on this instance
WARNING:HDLCompiler:552 - "E:\Programs\ISE\preTest\to_1_2_10_100_1000Hz.vf" Line 165: Input port CLR is not connected on this instance
WARNING:HDLCompiler:552 - "E:\Programs\ISE\preTest\to_1_2_10_100_1000Hz.vf" Line 177: Input port CLR is not connected on this instance
WARNING:HDLCompiler:552 - "E:\Programs\ISE\preTest\to_1_2_10_100_1000Hz.vf" Line 189: Input port CLR is not connected on this instance
WARNING:HDLCompiler:552 - "E:\Programs\ISE\preTest\to_1_2_10_100_1000Hz.vf" Line 201: Input port CLR is not connected on this instance
WARNING:HDLCompiler:552 - "E:\Programs\ISE\preTest\to_1_2_10_100_1000Hz.vf" Line 213: Input port CLR is not connected on this instance
WARNING:HDLCompiler:552 - "E:\Programs\ISE\preTest\to_1_2_10_100_1000Hz.vf" Line 220: Input port CLR is not connected on this instance
WARNING:HDLCompiler:552 - "E:\Programs\ISE\preTest\to_1_2_10_100_1000Hz.vf" Line 240: Input port CLR is not connected on this instance
WARNING:HDLCompiler:552 - "E:\Programs\ISE\preTest\to_1_2_10_100_1000Hz.vf" Line 246: Input port CLR is not connected on this instance
WARNING:HDLCompiler:552 - "E:\Programs\ISE\preTest\to_1_2_10_100_1000Hz.vf" Line 252: Input port CLR is not connected on this instance

Elaborating module <loopSeg>.

Elaborating module <D4_16E_HXILINX_loopSeg>.

Elaborating module <GND>.

Elaborating module <counter011>.

Elaborating module <FJKC_HXILINX_counter011>.

Elaborating module <AND3>.

Elaborating module <AND2>.
WARNING:HDLCompiler:552 - "E:\Programs\ISE\preTest\main2.vf" Line 166: Input port clear is not connected on this instance

=========================================================================
*                           HDL Synthesis                               *
=========================================================================

Synthesizing Unit <main2>.
    Related source file is "E:\Programs\ISE\preTest\main2.vf".
WARNING:Xst:2898 - Port 'clear', unconnected in block instance 'XLXI_5', is tied to GND.
INFO:Xst:3210 - "E:\Programs\ISE\preTest\main2.vf" line 158: Output port <to2hz> of the instance <XLXI_3> is unconnected or connected to loadless signal.
INFO:Xst:3210 - "E:\Programs\ISE\preTest\main2.vf" line 158: Output port <to10hz> of the instance <XLXI_3> is unconnected or connected to loadless signal.
INFO:Xst:3210 - "E:\Programs\ISE\preTest\main2.vf" line 158: Output port <to100hz> of the instance <XLXI_3> is unconnected or connected to loadless signal.
INFO:Xst:3210 - "E:\Programs\ISE\preTest\main2.vf" line 158: Output port <to1000hz> of the instance <XLXI_3> is unconnected or connected to loadless signal.
INFO:Xst:3210 - "E:\Programs\ISE\preTest\main2.vf" line 166: Output port <divide_12> of the instance <XLXI_5> is unconnected or connected to loadless signal.
INFO:Xst:3210 - "E:\Programs\ISE\preTest\main2.vf" line 166: Output port <XLXN_20> of the instance <XLXI_5> is unconnected or connected to loadless signal.
    Summary:
	no macro.
Unit <main2> synthesized.

Synthesizing Unit <encoder_MUSER_main2>.
    Related source file is "E:\Programs\ISE\preTest\main2.vf".
    Summary:
	no macro.
Unit <encoder_MUSER_main2> synthesized.

Synthesizing Unit <to_1_2_10_100_1000Hz>.
    Related source file is "E:\Programs\ISE\preTest\to_1_2_10_100_1000Hz.vf".
    Set property "HU_SET = XLXI_31_4" for instance <XLXI_31>.
    Set property "HU_SET = XLXI_33_5" for instance <XLXI_33>.
    Set property "HU_SET = XLXI_36_6" for instance <XLXI_36>.
    Set property "HU_SET = XLXI_38_7" for instance <XLXI_38>.
    Set property "HU_SET = XLXI_52_8" for instance <XLXI_52>.
    Set property "HU_SET = XLXI_54_9" for instance <XLXI_54>.
    Set property "HU_SET = XLXI_63_11" for instance <XLXI_63>.
    Set property "HU_SET = XLXI_67_10" for instance <XLXI_67>.
    Set property "HU_SET = XLXI_137_12" for instance <XLXI_137>.
    Set property "HU_SET = XLXI_138_13" for instance <XLXI_138>.
    Set property "HU_SET = XLXI_139_14" for instance <XLXI_139>.
WARNING:Xst:2898 - Port 'CLR', unconnected in block instance 'XLXI_31', is tied to GND.
WARNING:Xst:2898 - Port 'CLR', unconnected in block instance 'XLXI_33', is tied to GND.
WARNING:Xst:2898 - Port 'CLR', unconnected in block instance 'XLXI_36', is tied to GND.
WARNING:Xst:2898 - Port 'CLR', unconnected in block instance 'XLXI_38', is tied to GND.
WARNING:Xst:2898 - Port 'CLR', unconnected in block instance 'XLXI_52', is tied to GND.
WARNING:Xst:2898 - Port 'CLR', unconnected in block instance 'XLXI_54', is tied to GND.
WARNING:Xst:2898 - Port 'CLR', unconnected in block instance 'XLXI_63', is tied to GND.
WARNING:Xst:2898 - Port 'CLR', unconnected in block instance 'XLXI_67', is tied to GND.
WARNING:Xst:2898 - Port 'CLR', unconnected in block instance 'XLXI_137', is tied to GND.
WARNING:Xst:2898 - Port 'CLR', unconnected in block instance 'XLXI_138', is tied to GND.
WARNING:Xst:2898 - Port 'CLR', unconnected in block instance 'XLXI_139', is tied to GND.
INFO:Xst:3210 - "E:\Programs\ISE\preTest\to_1_2_10_100_1000Hz.vf" line 141: Output port <CEO> of the instance <XLXI_31> is unconnected or connected to loadless signal.
INFO:Xst:3210 - "E:\Programs\ISE\preTest\to_1_2_10_100_1000Hz.vf" line 141: Output port <Q0> of the instance <XLXI_31> is unconnected or connected to loadless signal.
INFO:Xst:3210 - "E:\Programs\ISE\preTest\to_1_2_10_100_1000Hz.vf" line 141: Output port <Q1> of the instance <XLXI_31> is unconnected or connected to loadless signal.
INFO:Xst:3210 - "E:\Programs\ISE\preTest\to_1_2_10_100_1000Hz.vf" line 141: Output port <Q2> of the instance <XLXI_31> is unconnected or connected to loadless signal.
INFO:Xst:3210 - "E:\Programs\ISE\preTest\to_1_2_10_100_1000Hz.vf" line 141: Output port <Q3> of the instance <XLXI_31> is unconnected or connected to loadless signal.
INFO:Xst:3210 - "E:\Programs\ISE\preTest\to_1_2_10_100_1000Hz.vf" line 153: Output port <CEO> of the instance <XLXI_33> is unconnected or connected to loadless signal.
INFO:Xst:3210 - "E:\Programs\ISE\preTest\to_1_2_10_100_1000Hz.vf" line 153: Output port <Q0> of the instance <XLXI_33> is unconnected or connected to loadless signal.
INFO:Xst:3210 - "E:\Programs\ISE\preTest\to_1_2_10_100_1000Hz.vf" line 153: Output port <Q1> of the instance <XLXI_33> is unconnected or connected to loadless signal.
INFO:Xst:3210 - "E:\Programs\ISE\preTest\to_1_2_10_100_1000Hz.vf" line 153: Output port <Q2> of the instance <XLXI_33> is unconnected or connected to loadless signal.
INFO:Xst:3210 - "E:\Programs\ISE\preTest\to_1_2_10_100_1000Hz.vf" line 153: Output port <Q3> of the instance <XLXI_33> is unconnected or connected to loadless signal.
INFO:Xst:3210 - "E:\Programs\ISE\preTest\to_1_2_10_100_1000Hz.vf" line 165: Output port <CEO> of the instance <XLXI_36> is unconnected or connected to loadless signal.
INFO:Xst:3210 - "E:\Programs\ISE\preTest\to_1_2_10_100_1000Hz.vf" line 165: Output port <Q0> of the instance <XLXI_36> is unconnected or connected to loadless signal.
INFO:Xst:3210 - "E:\Programs\ISE\preTest\to_1_2_10_100_1000Hz.vf" line 165: Output port <Q1> of the instance <XLXI_36> is unconnected or connected to loadless signal.
INFO:Xst:3210 - "E:\Programs\ISE\preTest\to_1_2_10_100_1000Hz.vf" line 165: Output port <Q2> of the instance <XLXI_36> is unconnected or connected to loadless signal.
INFO:Xst:3210 - "E:\Programs\ISE\preTest\to_1_2_10_100_1000Hz.vf" line 165: Output port <Q3> of the instance <XLXI_36> is unconnected or connected to loadless signal.
INFO:Xst:3210 - "E:\Programs\ISE\preTest\to_1_2_10_100_1000Hz.vf" line 177: Output port <CEO> of the instance <XLXI_38> is unconnected or connected to loadless signal.
INFO:Xst:3210 - "E:\Programs\ISE\preTest\to_1_2_10_100_1000Hz.vf" line 177: Output port <Q0> of the instance <XLXI_38> is unconnected or connected to loadless signal.
INFO:Xst:3210 - "E:\Programs\ISE\preTest\to_1_2_10_100_1000Hz.vf" line 177: Output port <Q1> of the instance <XLXI_38> is unconnected or connected to loadless signal.
INFO:Xst:3210 - "E:\Programs\ISE\preTest\to_1_2_10_100_1000Hz.vf" line 177: Output port <Q2> of the instance <XLXI_38> is unconnected or connected to loadless signal.
INFO:Xst:3210 - "E:\Programs\ISE\preTest\to_1_2_10_100_1000Hz.vf" line 177: Output port <Q3> of the instance <XLXI_38> is unconnected or connected to loadless signal.
INFO:Xst:3210 - "E:\Programs\ISE\preTest\to_1_2_10_100_1000Hz.vf" line 189: Output port <CEO> of the instance <XLXI_52> is unconnected or connected to loadless signal.
INFO:Xst:3210 - "E:\Programs\ISE\preTest\to_1_2_10_100_1000Hz.vf" line 189: Output port <Q0> of the instance <XLXI_52> is unconnected or connected to loadless signal.
INFO:Xst:3210 - "E:\Programs\ISE\preTest\to_1_2_10_100_1000Hz.vf" line 189: Output port <Q1> of the instance <XLXI_52> is unconnected or connected to loadless signal.
INFO:Xst:3210 - "E:\Programs\ISE\preTest\to_1_2_10_100_1000Hz.vf" line 189: Output port <Q2> of the instance <XLXI_52> is unconnected or connected to loadless signal.
INFO:Xst:3210 - "E:\Programs\ISE\preTest\to_1_2_10_100_1000Hz.vf" line 189: Output port <Q3> of the instance <XLXI_52> is unconnected or connected to loadless signal.
INFO:Xst:3210 - "E:\Programs\ISE\preTest\to_1_2_10_100_1000Hz.vf" line 201: Output port <CEO> of the instance <XLXI_54> is unconnected or connected to loadless signal.
INFO:Xst:3210 - "E:\Programs\ISE\preTest\to_1_2_10_100_1000Hz.vf" line 201: Output port <Q0> of the instance <XLXI_54> is unconnected or connected to loadless signal.
INFO:Xst:3210 - "E:\Programs\ISE\preTest\to_1_2_10_100_1000Hz.vf" line 201: Output port <Q1> of the instance <XLXI_54> is unconnected or connected to loadless signal.
INFO:Xst:3210 - "E:\Programs\ISE\preTest\to_1_2_10_100_1000Hz.vf" line 201: Output port <Q2> of the instance <XLXI_54> is unconnected or connected to loadless signal.
INFO:Xst:3210 - "E:\Programs\ISE\preTest\to_1_2_10_100_1000Hz.vf" line 201: Output port <Q3> of the instance <XLXI_54> is unconnected or connected to loadless signal.
INFO:Xst:3210 - "E:\Programs\ISE\preTest\to_1_2_10_100_1000Hz.vf" line 220: Output port <CEO> of the instance <XLXI_67> is unconnected or connected to loadless signal.
INFO:Xst:3210 - "E:\Programs\ISE\preTest\to_1_2_10_100_1000Hz.vf" line 220: Output port <Q0> of the instance <XLXI_67> is unconnected or connected to loadless signal.
INFO:Xst:3210 - "E:\Programs\ISE\preTest\to_1_2_10_100_1000Hz.vf" line 220: Output port <Q1> of the instance <XLXI_67> is unconnected or connected to loadless signal.
INFO:Xst:3210 - "E:\Programs\ISE\preTest\to_1_2_10_100_1000Hz.vf" line 220: Output port <Q2> of the instance <XLXI_67> is unconnected or connected to loadless signal.
INFO:Xst:3210 - "E:\Programs\ISE\preTest\to_1_2_10_100_1000Hz.vf" line 220: Output port <Q3> of the instance <XLXI_67> is unconnected or connected to loadless signal.
    Summary:
	no macro.
Unit <to_1_2_10_100_1000Hz> synthesized.

Synthesizing Unit <CD4CE_HXILINX_to_1_2_10_100_1000Hz>.
    Related source file is "E:\Programs\ISE\preTest\to_1_2_10_100_1000Hz.vf".
        TERMINAL_COUNT = 4'b1001
    Found 1-bit register for signal <Q1>.
    Found 1-bit register for signal <Q2>.
    Found 1-bit register for signal <Q3>.
    Found 1-bit register for signal <Q0>.
    Found 4-bit adder for signal <Q3_GND_8_o_add_4_OUT> created at line 60.
    Summary:
	inferred   1 Adder/Subtractor(s).
	inferred   4 D-type flip-flop(s).
	inferred   7 Multiplexer(s).
Unit <CD4CE_HXILINX_to_1_2_10_100_1000Hz> synthesized.

Synthesizing Unit <FJKC_HXILINX_to_1_2_10_100_1000Hz>.
    Related source file is "E:\Programs\ISE\preTest\to_1_2_10_100_1000Hz.vf".
        INIT = 1'b0
    Found 1-bit register for signal <Q>.
    Summary:
	inferred   1 D-type flip-flop(s).
	inferred   2 Multiplexer(s).
Unit <FJKC_HXILINX_to_1_2_10_100_1000Hz> synthesized.

Synthesizing Unit <loopSeg>.
    Related source file is "E:\Programs\ISE\preTest\loopSeg.vf".
    Set property "HU_SET = XLXI_1_0" for instance <XLXI_1>.
INFO:Xst:3210 - "E:\Programs\ISE\preTest\loopSeg.vf" line 113: Output port <D12> of the instance <XLXI_1> is unconnected or connected to loadless signal.
INFO:Xst:3210 - "E:\Programs\ISE\preTest\loopSeg.vf" line 113: Output port <D13> of the instance <XLXI_1> is unconnected or connected to loadless signal.
INFO:Xst:3210 - "E:\Programs\ISE\preTest\loopSeg.vf" line 113: Output port <D14> of the instance <XLXI_1> is unconnected or connected to loadless signal.
INFO:Xst:3210 - "E:\Programs\ISE\preTest\loopSeg.vf" line 113: Output port <D15> of the instance <XLXI_1> is unconnected or connected to loadless signal.
    Summary:
	no macro.
Unit <loopSeg> synthesized.

Synthesizing Unit <D4_16E_HXILINX_loopSeg>.
    Related source file is "E:\Programs\ISE\preTest\loopSeg.vf".
    Summary:
	inferred  16 Multiplexer(s).
Unit <D4_16E_HXILINX_loopSeg> synthesized.

Synthesizing Unit <counter011>.
    Related source file is "E:\Programs\ISE\preTest\counter011.vf".
    Set property "HU_SET = XLXI_1_1" for instance <XLXI_1>.
    Set property "HU_SET = XLXI_2_2" for instance <XLXI_2>.
    Set property "HU_SET = XLXI_3_3" for instance <XLXI_3>.
    Set property "HU_SET = XLXI_4_0" for instance <XLXI_4>.
    Summary:
	no macro.
Unit <counter011> synthesized.

Synthesizing Unit <FJKC_HXILINX_counter011>.
    Related source file is "E:\Programs\ISE\preTest\counter011.vf".
        INIT = 1'b0
    Found 1-bit register for signal <Q>.
    Summary:
	inferred   1 D-type flip-flop(s).
	inferred   2 Multiplexer(s).
Unit <FJKC_HXILINX_counter011> synthesized.

=========================================================================
HDL Synthesis Report

Macro Statistics
# Adders/Subtractors                                   : 7
 4-bit adder                                           : 7
# Registers                                            : 36
 1-bit register                                        : 36
# Multiplexers                                         : 81
 1-bit 2-to-1 multiplexer                              : 81

=========================================================================

=========================================================================
*                       Advanced HDL Synthesis                          *
=========================================================================


=========================================================================
Advanced HDL Synthesis Report

Macro Statistics
# Adders/Subtractors                                   : 7
 4-bit adder                                           : 7
# Registers                                            : 36
 Flip-Flops                                            : 36
# Multiplexers                                         : 81
 1-bit 2-to-1 multiplexer                              : 81

=========================================================================

=========================================================================
*                         Low Level Synthesis                           *
=========================================================================

Optimizing unit <main2> ...

Optimizing unit <to_1_2_10_100_1000Hz> ...

Optimizing unit <counter011> ...

Optimizing unit <CD4CE_HXILINX_to_1_2_10_100_1000Hz> ...

Optimizing unit <FJKC_HXILINX_to_1_2_10_100_1000Hz> ...

Optimizing unit <FJKC_HXILINX_counter011> ...

Optimizing unit <D4_16E_HXILINX_loopSeg> ...

Mapping all equations...
Building and optimizing final netlist ...
Found area constraint ratio of 100 (+ 5) on block main2, actual ratio is 0.

Final Macro Processing ...

=========================================================================
Final Register Report

Macro Statistics
# Registers                                            : 36
 Flip-Flops                                            : 36

=========================================================================

=========================================================================
*                           Partition Report                            *
=========================================================================

Partition Implementation Status
-------------------------------

  No Partitions were found in this design.

-------------------------------

=========================================================================
*                            Design Summary                             *
=========================================================================

Top Level Output File Name         : main2.ngc

Primitive and Black Box Usage:
------------------------------
# BELS                             : 103
#      AND2                        : 2
#      AND3                        : 3
#      AND4                        : 12
#      BUF                         : 4
#      GND                         : 1
#      INV                         : 29
#      LUT2                        : 2
#      LUT3                        : 17
#      LUT4                        : 26
#      OR2                         : 2
#      OR4                         : 4
#      VCC                         : 1
# FlipFlops/Latches                : 36
#      FDC                         : 6
#      FDCE                        : 30
# Clock Buffers                    : 1
#      BUFGP                       : 1
# IO Buffers                       : 11
#      OBUF                        : 11

Device utilization summary:
---------------------------

Selected Device : 6slx9tqg144-3 


Slice Logic Utilization: 
 Number of Slice Registers:              36  out of  11440     0%  
 Number of Slice LUTs:                   74  out of   5720     1%  
    Number used as Logic:                74  out of   5720     1%  

Slice Logic Distribution: 
 Number of LUT Flip Flop pairs used:    110
   Number with an unused Flip Flop:      74  out of    110    67%  
   Number with an unused LUT:            36  out of    110    32%  
   Number of fully used LUT-FF pairs:     0  out of    110     0%  
   Number of unique control sets:        15

IO Utilization: 
 Number of IOs:                          12
 Number of bonded IOBs:                  12  out of    102    11%  

Specific Feature Utilization:
 Number of BUFG/BUFGCTRLs:                1  out of     16     6%  

---------------------------
Partition Resource Summary:
---------------------------

  No Partitions were found in this design.

---------------------------


=========================================================================
Timing Report

NOTE: THESE TIMING NUMBERS ARE ONLY A SYNTHESIS ESTIMATE.
      FOR ACCURATE TIMING INFORMATION PLEASE REFER TO THE TRACE REPORT
      GENERATED AFTER PLACE-and-ROUTE.

Clock Information:
------------------
---------------------------------------------+---------------------------+-------+
Clock Signal                                 | Clock buffer(FF name)     | Load  |
---------------------------------------------+---------------------------+-------+
XLXI_3/XLXI_54/TC(XLXI_3/XLXI_54/Mmux_TC11:O)| NONE(*)(XLXI_3/XLXI_67/Q3)| 5     |
XLXI_3/XLXI_52/TC(XLXI_3/XLXI_52/Mmux_TC11:O)| NONE(*)(XLXI_3/XLXI_54/Q3)| 5     |
XLXI_3/XLXI_38/TC(XLXI_3/XLXI_38/Mmux_TC11:O)| NONE(*)(XLXI_3/XLXI_52/Q3)| 5     |
XLXI_3/XLXI_36/TC(XLXI_3/XLXI_36/Mmux_TC11:O)| NONE(*)(XLXI_3/XLXI_38/Q3)| 4     |
XLXI_3/XLXI_33/TC(XLXI_3/XLXI_33/Mmux_TC11:O)| NONE(*)(XLXI_3/XLXI_36/Q3)| 4     |
XLXI_3/XLXI_31/TC(XLXI_3/XLXI_31/Mmux_TC11:O)| NONE(*)(XLXI_3/XLXI_33/Q3)| 4     |
CLK                                          | BUFGP                     | 4     |
XLXI_3/XLXI_67/TC(XLXI_3/XLXI_67/Mmux_TC11:O)| NONE(*)(XLXI_3/XLXI_63/Q) | 1     |
XLXI_3/XLXI_63/Q                             | NONE(XLXI_5/XLXI_4/Q)     | 4     |
---------------------------------------------+---------------------------+-------+
(*) These 7 clock signal(s) are generated by combinatorial logic,
and XST is not able to identify which are the primary clock signals.
Please use the CLOCK_SIGNAL constraint to specify the clock signal(s) generated by combinatorial logic.
INFO:Xst:2169 - HDL ADVISOR - Some clock signals were not automatically buffered by XST with BUFG/BUFR resources. Please use the buffer_type constraint in order to insert these buffers to the clock signals to help prevent skew problems.

Asynchronous Control Signals Information:
----------------------------------------
No asynchronous control signals found in this design

Timing Summary:
---------------
Speed Grade: -3

   Minimum period: 4.141ns (Maximum Frequency: 241.490MHz)
   Minimum input arrival time before clock: No path found
   Maximum output required time after clock: 9.019ns
   Maximum combinational path delay: No path found

Timing Details:
---------------
All values displayed in nanoseconds (ns)

=========================================================================
Timing constraint: Default period analysis for Clock 'XLXI_3/XLXI_54/TC'
  Clock period: 2.048ns (frequency: 488.317MHz)
  Total number of paths / destination ports: 12 / 5
-------------------------------------------------------------------------
Delay:               2.048ns (Levels of Logic = 1)
  Source:            XLXI_3/XLXI_67/Q0 (FF)
  Destination:       XLXI_3/XLXI_67/Q0 (FF)
  Source Clock:      XLXI_3/XLXI_54/TC falling
  Destination Clock: XLXI_3/XLXI_54/TC falling

  Data Path: XLXI_3/XLXI_67/Q0 to XLXI_3/XLXI_67/Q0
                                Gate     Net
    Cell:in->out      fanout   Delay   Delay  Logical Name (Net Name)
    ----------------------------------------  ------------
     FDCE:C->Q             5   0.447   0.714  Q0 (Q0)
     INV:I->O              1   0.206   0.579  Mmux_Q3_GND_8_o_MUX_13_o11_INV_0 (Q3_GND_8_o_MUX_13_o)
     FDCE:D                    0.102          Q0
    ----------------------------------------
    Total                      2.048ns (0.755ns logic, 1.293ns route)
                                       (36.9% logic, 63.1% route)

=========================================================================
Timing constraint: Default period analysis for Clock 'XLXI_3/XLXI_52/TC'
  Clock period: 2.048ns (frequency: 488.317MHz)
  Total number of paths / destination ports: 12 / 5
-------------------------------------------------------------------------
Delay:               2.048ns (Levels of Logic = 1)
  Source:            XLXI_3/XLXI_54/Q0 (FF)
  Destination:       XLXI_3/XLXI_54/Q0 (FF)
  Source Clock:      XLXI_3/XLXI_52/TC falling
  Destination Clock: XLXI_3/XLXI_52/TC falling

  Data Path: XLXI_3/XLXI_54/Q0 to XLXI_3/XLXI_54/Q0
                                Gate     Net
    Cell:in->out      fanout   Delay   Delay  Logical Name (Net Name)
    ----------------------------------------  ------------
     FDCE:C->Q             5   0.447   0.714  Q0 (Q0)
     INV:I->O              1   0.206   0.579  Mmux_Q3_GND_8_o_MUX_13_o11_INV_0 (Q3_GND_8_o_MUX_13_o)
     FDCE:D                    0.102          Q0
    ----------------------------------------
    Total                      2.048ns (0.755ns logic, 1.293ns route)
                                       (36.9% logic, 63.1% route)

=========================================================================
Timing constraint: Default period analysis for Clock 'XLXI_3/XLXI_38/TC'
  Clock period: 2.048ns (frequency: 488.317MHz)
  Total number of paths / destination ports: 12 / 5
-------------------------------------------------------------------------
Delay:               2.048ns (Levels of Logic = 1)
  Source:            XLXI_3/XLXI_52/Q0 (FF)
  Destination:       XLXI_3/XLXI_52/Q0 (FF)
  Source Clock:      XLXI_3/XLXI_38/TC falling
  Destination Clock: XLXI_3/XLXI_38/TC falling

  Data Path: XLXI_3/XLXI_52/Q0 to XLXI_3/XLXI_52/Q0
                                Gate     Net
    Cell:in->out      fanout   Delay   Delay  Logical Name (Net Name)
    ----------------------------------------  ------------
     FDCE:C->Q             5   0.447   0.714  Q0 (Q0)
     INV:I->O              1   0.206   0.579  Mmux_Q3_GND_8_o_MUX_13_o11_INV_0 (Q3_GND_8_o_MUX_13_o)
     FDCE:D                    0.102          Q0
    ----------------------------------------
    Total                      2.048ns (0.755ns logic, 1.293ns route)
                                       (36.9% logic, 63.1% route)

=========================================================================
Timing constraint: Default period analysis for Clock 'XLXI_3/XLXI_36/TC'
  Clock period: 2.048ns (frequency: 488.317MHz)
  Total number of paths / destination ports: 11 / 4
-------------------------------------------------------------------------
Delay:               2.048ns (Levels of Logic = 1)
  Source:            XLXI_3/XLXI_38/Q0 (FF)
  Destination:       XLXI_3/XLXI_38/Q0 (FF)
  Source Clock:      XLXI_3/XLXI_36/TC falling
  Destination Clock: XLXI_3/XLXI_36/TC falling

  Data Path: XLXI_3/XLXI_38/Q0 to XLXI_3/XLXI_38/Q0
                                Gate     Net
    Cell:in->out      fanout   Delay   Delay  Logical Name (Net Name)
    ----------------------------------------  ------------
     FDCE:C->Q             5   0.447   0.714  Q0 (Q0)
     INV:I->O              1   0.206   0.579  Mmux_Q3_GND_8_o_MUX_13_o11_INV_0 (Q3_GND_8_o_MUX_13_o)
     FDCE:D                    0.102          Q0
    ----------------------------------------
    Total                      2.048ns (0.755ns logic, 1.293ns route)
                                       (36.9% logic, 63.1% route)

=========================================================================
Timing constraint: Default period analysis for Clock 'XLXI_3/XLXI_33/TC'
  Clock period: 2.048ns (frequency: 488.317MHz)
  Total number of paths / destination ports: 11 / 4
-------------------------------------------------------------------------
Delay:               2.048ns (Levels of Logic = 1)
  Source:            XLXI_3/XLXI_36/Q0 (FF)
  Destination:       XLXI_3/XLXI_36/Q0 (FF)
  Source Clock:      XLXI_3/XLXI_33/TC falling
  Destination Clock: XLXI_3/XLXI_33/TC falling

  Data Path: XLXI_3/XLXI_36/Q0 to XLXI_3/XLXI_36/Q0
                                Gate     Net
    Cell:in->out      fanout   Delay   Delay  Logical Name (Net Name)
    ----------------------------------------  ------------
     FDCE:C->Q             5   0.447   0.714  Q0 (Q0)
     INV:I->O              1   0.206   0.579  Mmux_Q3_GND_8_o_MUX_13_o11_INV_0 (Q3_GND_8_o_MUX_13_o)
     FDCE:D                    0.102          Q0
    ----------------------------------------
    Total                      2.048ns (0.755ns logic, 1.293ns route)
                                       (36.9% logic, 63.1% route)

=========================================================================
Timing constraint: Default period analysis for Clock 'XLXI_3/XLXI_31/TC'
  Clock period: 2.048ns (frequency: 488.317MHz)
  Total number of paths / destination ports: 11 / 4
-------------------------------------------------------------------------
Delay:               2.048ns (Levels of Logic = 1)
  Source:            XLXI_3/XLXI_33/Q0 (FF)
  Destination:       XLXI_3/XLXI_33/Q0 (FF)
  Source Clock:      XLXI_3/XLXI_31/TC falling
  Destination Clock: XLXI_3/XLXI_31/TC falling

  Data Path: XLXI_3/XLXI_33/Q0 to XLXI_3/XLXI_33/Q0
                                Gate     Net
    Cell:in->out      fanout   Delay   Delay  Logical Name (Net Name)
    ----------------------------------------  ------------
     FDCE:C->Q             5   0.447   0.714  Q0 (Q0)
     INV:I->O              1   0.206   0.579  Mmux_Q3_GND_8_o_MUX_13_o11_INV_0 (Q3_GND_8_o_MUX_13_o)
     FDCE:D                    0.102          Q0
    ----------------------------------------
    Total                      2.048ns (0.755ns logic, 1.293ns route)
                                       (36.9% logic, 63.1% route)

=========================================================================
Timing constraint: Default period analysis for Clock 'CLK'
  Clock period: 2.048ns (frequency: 488.317MHz)
  Total number of paths / destination ports: 11 / 4
-------------------------------------------------------------------------
Delay:               2.048ns (Levels of Logic = 1)
  Source:            XLXI_3/XLXI_31/Q0 (FF)
  Destination:       XLXI_3/XLXI_31/Q0 (FF)
  Source Clock:      CLK rising
  Destination Clock: CLK rising

  Data Path: XLXI_3/XLXI_31/Q0 to XLXI_3/XLXI_31/Q0
                                Gate     Net
    Cell:in->out      fanout   Delay   Delay  Logical Name (Net Name)
    ----------------------------------------  ------------
     FDCE:C->Q             5   0.447   0.714  Q0 (Q0)
     INV:I->O              1   0.206   0.579  Mmux_Q3_GND_8_o_MUX_13_o11_INV_0 (Q3_GND_8_o_MUX_13_o)
     FDCE:D                    0.102          Q0
    ----------------------------------------
    Total                      2.048ns (0.755ns logic, 1.293ns route)
                                       (36.9% logic, 63.1% route)

=========================================================================
Timing constraint: Default period analysis for Clock 'XLXI_3/XLXI_67/TC'
  Clock period: 2.048ns (frequency: 488.317MHz)
  Total number of paths / destination ports: 1 / 1
-------------------------------------------------------------------------
Delay:               2.048ns (Levels of Logic = 1)
  Source:            XLXI_3/XLXI_63/Q (FF)
  Destination:       XLXI_3/XLXI_63/Q (FF)
  Source Clock:      XLXI_3/XLXI_67/TC falling
  Destination Clock: XLXI_3/XLXI_67/TC falling

  Data Path: XLXI_3/XLXI_63/Q to XLXI_3/XLXI_63/Q
                                Gate     Net
    Cell:in->out      fanout   Delay   Delay  Logical Name (Net Name)
    ----------------------------------------  ------------
     FDC:C->Q              5   0.447   0.714  Q (Q)
     INV:I->O              1   0.206   0.579  Mmux_Q_Q_MUX_24_o11_INV_0 (Q_Q_MUX_24_o)
     FDC:D                     0.102          Q
    ----------------------------------------
    Total                      2.048ns (0.755ns logic, 1.293ns route)
                                       (36.9% logic, 63.1% route)

=========================================================================
Timing constraint: Default period analysis for Clock 'XLXI_3/XLXI_63/Q'
  Clock period: 4.141ns (frequency: 241.490MHz)
  Total number of paths / destination ports: 23 / 6
-------------------------------------------------------------------------
Delay:               4.141ns (Levels of Logic = 4)
  Source:            XLXI_5/XLXI_4/Q (FF)
  Destination:       XLXI_5/XLXI_3/Q (FF)
  Source Clock:      XLXI_3/XLXI_63/Q rising
  Destination Clock: XLXI_3/XLXI_63/Q rising

  Data Path: XLXI_5/XLXI_4/Q to XLXI_5/XLXI_3/Q
                                Gate     Net
    Cell:in->out      fanout   Delay   Delay  Logical Name (Net Name)
    ----------------------------------------  ------------
     FDCE:C->Q            20   0.447   1.092  Q (Q)
     end scope: 'XLXI_5/XLXI_4:Q'
     INV:I->O              1   0.568   0.944  XLXI_5/XLXI_10 (XLXI_5/XLXN_4)
     AND3:I0->O            1   0.203   0.580  XLXI_5/XLXI_9 (XLXI_5/XLXN_9)
     begin scope: 'XLXI_5/XLXI_3:J'
     LUT3:I2->O            1   0.205   0.000  Q_rstpot (Q_rstpot)
     FDC:D                     0.102          Q
    ----------------------------------------
    Total                      4.141ns (1.525ns logic, 2.616ns route)
                                       (36.8% logic, 63.2% route)

=========================================================================
Timing constraint: Default OFFSET OUT AFTER for Clock 'XLXI_3/XLXI_63/Q'
  Total number of paths / destination ports: 96 / 10
-------------------------------------------------------------------------
Offset:              9.019ns (Levels of Logic = 6)
  Source:            XLXI_5/XLXI_1/Q (FF)
  Destination:       Common<3> (PAD)
  Source Clock:      XLXI_3/XLXI_63/Q rising

  Data Path: XLXI_5/XLXI_1/Q to Common<3>
                                Gate     Net
    Cell:in->out      fanout   Delay   Delay  Logical Name (Net Name)
    ----------------------------------------  ------------
     FDC:C->Q             29   0.447   1.249  Q (Q)
     end scope: 'XLXI_5/XLXI_1:Q'
     INV:I->O              6   0.568   1.109  XLXI_1/XLXI_4 (XLXI_1/XLXN_5)
     AND4:I0->O            1   0.203   0.808  XLXI_1/XLXI_5 (XLXI_1/XLXN_18)
     OR4:I3->O             1   0.339   0.579  XLXI_1/XLXI_12 (XLXI_1/XLXN_63)
     INV:I->O              1   0.568   0.579  XLXI_1/XLXI_22 (Common_0_OBUF)
     OBUF:I->O                 2.571          Common_0_OBUF (Common<0>)
    ----------------------------------------
    Total                      9.019ns (4.696ns logic, 4.323ns route)
                                       (52.1% logic, 47.9% route)

=========================================================================

Cross Clock Domains Report:
--------------------------

Clock to Setup on destination clock CLK
---------------+---------+---------+---------+---------+
               | Src:Rise| Src:Fall| Src:Rise| Src:Fall|
Source Clock   |Dest:Rise|Dest:Rise|Dest:Fall|Dest:Fall|
---------------+---------+---------+---------+---------+
CLK            |    2.048|         |         |         |
---------------+---------+---------+---------+---------+

Clock to Setup on destination clock XLXI_3/XLXI_31/TC
-----------------+---------+---------+---------+---------+
                 | Src:Rise| Src:Fall| Src:Rise| Src:Fall|
Source Clock     |Dest:Rise|Dest:Rise|Dest:Fall|Dest:Fall|
-----------------+---------+---------+---------+---------+
XLXI_3/XLXI_31/TC|         |         |    2.048|         |
-----------------+---------+---------+---------+---------+

Clock to Setup on destination clock XLXI_3/XLXI_33/TC
-----------------+---------+---------+---------+---------+
                 | Src:Rise| Src:Fall| Src:Rise| Src:Fall|
Source Clock     |Dest:Rise|Dest:Rise|Dest:Fall|Dest:Fall|
-----------------+---------+---------+---------+---------+
XLXI_3/XLXI_33/TC|         |         |    2.048|         |
-----------------+---------+---------+---------+---------+

Clock to Setup on destination clock XLXI_3/XLXI_36/TC
-----------------+---------+---------+---------+---------+
                 | Src:Rise| Src:Fall| Src:Rise| Src:Fall|
Source Clock     |Dest:Rise|Dest:Rise|Dest:Fall|Dest:Fall|
-----------------+---------+---------+---------+---------+
XLXI_3/XLXI_36/TC|         |         |    2.048|         |
-----------------+---------+---------+---------+---------+

Clock to Setup on destination clock XLXI_3/XLXI_38/TC
-----------------+---------+---------+---------+---------+
                 | Src:Rise| Src:Fall| Src:Rise| Src:Fall|
Source Clock     |Dest:Rise|Dest:Rise|Dest:Fall|Dest:Fall|
-----------------+---------+---------+---------+---------+
XLXI_3/XLXI_38/TC|         |         |    2.048|         |
-----------------+---------+---------+---------+---------+

Clock to Setup on destination clock XLXI_3/XLXI_52/TC
-----------------+---------+---------+---------+---------+
                 | Src:Rise| Src:Fall| Src:Rise| Src:Fall|
Source Clock     |Dest:Rise|Dest:Rise|Dest:Fall|Dest:Fall|
-----------------+---------+---------+---------+---------+
XLXI_3/XLXI_52/TC|         |         |    2.048|         |
-----------------+---------+---------+---------+---------+

Clock to Setup on destination clock XLXI_3/XLXI_54/TC
-----------------+---------+---------+---------+---------+
                 | Src:Rise| Src:Fall| Src:Rise| Src:Fall|
Source Clock     |Dest:Rise|Dest:Rise|Dest:Fall|Dest:Fall|
-----------------+---------+---------+---------+---------+
XLXI_3/XLXI_54/TC|         |         |    2.048|         |
-----------------+---------+---------+---------+---------+

Clock to Setup on destination clock XLXI_3/XLXI_63/Q
----------------+---------+---------+---------+---------+
                | Src:Rise| Src:Fall| Src:Rise| Src:Fall|
Source Clock    |Dest:Rise|Dest:Rise|Dest:Fall|Dest:Fall|
----------------+---------+---------+---------+---------+
XLXI_3/XLXI_63/Q|    4.141|         |         |         |
----------------+---------+---------+---------+---------+

Clock to Setup on destination clock XLXI_3/XLXI_67/TC
-----------------+---------+---------+---------+---------+
                 | Src:Rise| Src:Fall| Src:Rise| Src:Fall|
Source Clock     |Dest:Rise|Dest:Rise|Dest:Fall|Dest:Fall|
-----------------+---------+---------+---------+---------+
XLXI_3/XLXI_67/TC|         |         |    2.048|         |
-----------------+---------+---------+---------+---------+

=========================================================================


Total REAL time to Xst completion: 5.00 secs
Total CPU time to Xst completion: 4.89 secs
 
--> 

Total memory usage is 4494484 kilobytes

Number of errors   :    0 (   0 filtered)
Number of warnings :   25 (   0 filtered)
Number of infos    :   46 (   0 filtered)

